Determining if the pthread_create exist failed with the following output:
Change Dir: /home/orlandothefraser/catkin_ws/build/tf2_py/CMakeFiles/CMakeTmp

Run Build Command:"/usr/bin/make" "cmTC_0ec57/fast"
/usr/bin/make -f CMakeFiles/cmTC_0ec57.dir/build.make CMakeFiles/cmTC_0ec57.dir/build
make[1]: Entering directory '/home/orlandothefraser/catkin_ws/build/tf2_py/CMakeFiles/CMakeTmp'
Building C object CMakeFiles/cmTC_0ec57.dir/CheckSymbolExists.c.o
/usr/bin/cc    -o CMakeFiles/cmTC_0ec57.dir/CheckSymbolExists.c.o   -c /home/orlandothefraser/catkin_ws/build/tf2_py/CMakeFiles/CMakeTmp/CheckSymbolExists.c
Linking C executable cmTC_0ec57
/usr/bin/cmake -E cmake_link_script CMakeFiles/cmTC_0ec57.dir/link.txt --verbose=1
/usr/bin/cc      -rdynamic CMakeFiles/cmTC_0ec57.dir/CheckSymbolExists.c.o  -o cmTC_0ec57 
CMakeFiles/cmTC_0ec57.dir/CheckSymbolExists.c.o: In function `main':
CheckSymbolExists.c:(.text+0x1b): undefined reference to `pthread_create'
collect2: error: ld returned 1 exit status
CMakeFiles/cmTC_0ec57.dir/build.make:97: recipe for target 'cmTC_0ec57' failed
make[1]: *** [cmTC_0ec57] Error 1
make[1]: Leaving directory '/home/orlandothefraser/catkin_ws/build/tf2_py/CMakeFiles/CMakeTmp'
Makefile:126: recipe for target 'cmTC_0ec57/fast' failed
make: *** [cmTC_0ec57/fast] Error 2

File /home/orlandothefraser/catkin_ws/build/tf2_py/CMakeFiles/CMakeTmp/CheckSymbolExists.c:
/* */
#include <pthread.h>

int main(int argc, char** argv)
{
  (void)argv;
#ifndef pthread_create
  return ((int*)(&pthread_create))[argc];
#else
  (void)argc;
  return 0;
#endif
}

Determining if the function pthread_create exists in the pthreads failed with the following output:
Change Dir: /home/orlandothefraser/catkin_ws/build/tf2_py/CMakeFiles/CMakeTmp

Run Build Command:"/usr/bin/make" "cmTC_ec393/fast"
/usr/bin/make -f CMakeFiles/cmTC_ec393.dir/build.make CMakeFiles/cmTC_ec393.dir/build
make[1]: Entering directory '/home/orlandothefraser/catkin_ws/build/tf2_py/CMakeFiles/CMakeTmp'
Building C object CMakeFiles/cmTC_ec393.dir/CheckFunctionExists.c.o
/usr/bin/cc   -DCHECK_FUNCTION_EXISTS=pthread_create   -o CMakeFiles/cmTC_ec393.dir/CheckFunctionExists.c.o   -c /usr/share/cmake-3.10/Modules/CheckFunctionExists.c
Linking C executable cmTC_ec393
/usr/bin/cmake -E cmake_link_script CMakeFiles/cmTC_ec393.dir/link.txt --verbose=1
/usr/bin/cc  -DCHECK_FUNCTION_EXISTS=pthread_create    -rdynamic CMakeFiles/cmTC_ec393.dir/CheckFunctionExists.c.o  -o cmTC_ec393 -lpthreads 
/usr/bin/ld: cannot find -lpthreads
collect2: error: ld returned 1 exit status
CMakeFiles/cmTC_ec393.dir/build.make:97: recipe for target 'cmTC_ec393' failed
make[1]: *** [cmTC_ec393] Error 1
make[1]: Leaving directory '/home/orlandothefraser/catkin_ws/build/tf2_py/CMakeFiles/CMakeTmp'
Makefile:126: recipe for target 'cmTC_ec393/fast' failed
make: *** [cmTC_ec393/fast] Error 2


