Determining if the pthread_create exist failed with the following output:
Change Dir: /home/orlandothefraser/catkin_ws/build/tf2_ros/CMakeFiles/CMakeTmp

Run Build Command:"/usr/bin/make" "cmTC_a06df/fast"
/usr/bin/make -f CMakeFiles/cmTC_a06df.dir/build.make CMakeFiles/cmTC_a06df.dir/build
make[1]: Entering directory '/home/orlandothefraser/catkin_ws/build/tf2_ros/CMakeFiles/CMakeTmp'
Building C object CMakeFiles/cmTC_a06df.dir/CheckSymbolExists.c.o
/usr/bin/cc    -o CMakeFiles/cmTC_a06df.dir/CheckSymbolExists.c.o   -c /home/orlandothefraser/catkin_ws/build/tf2_ros/CMakeFiles/CMakeTmp/CheckSymbolExists.c
Linking C executable cmTC_a06df
/usr/bin/cmake -E cmake_link_script CMakeFiles/cmTC_a06df.dir/link.txt --verbose=1
/usr/bin/cc      -rdynamic CMakeFiles/cmTC_a06df.dir/CheckSymbolExists.c.o  -o cmTC_a06df 
CMakeFiles/cmTC_a06df.dir/CheckSymbolExists.c.o: In function `main':
CheckSymbolExists.c:(.text+0x1b): undefined reference to `pthread_create'
collect2: error: ld returned 1 exit status
CMakeFiles/cmTC_a06df.dir/build.make:97: recipe for target 'cmTC_a06df' failed
make[1]: *** [cmTC_a06df] Error 1
make[1]: Leaving directory '/home/orlandothefraser/catkin_ws/build/tf2_ros/CMakeFiles/CMakeTmp'
Makefile:126: recipe for target 'cmTC_a06df/fast' failed
make: *** [cmTC_a06df/fast] Error 2

File /home/orlandothefraser/catkin_ws/build/tf2_ros/CMakeFiles/CMakeTmp/CheckSymbolExists.c:
/* */
#include <pthread.h>

int main(int argc, char** argv)
{
  (void)argv;
#ifndef pthread_create
  return ((int*)(&pthread_create))[argc];
#else
  (void)argc;
  return 0;
#endif
}

Determining if the function pthread_create exists in the pthreads failed with the following output:
Change Dir: /home/orlandothefraser/catkin_ws/build/tf2_ros/CMakeFiles/CMakeTmp

Run Build Command:"/usr/bin/make" "cmTC_93f7c/fast"
/usr/bin/make -f CMakeFiles/cmTC_93f7c.dir/build.make CMakeFiles/cmTC_93f7c.dir/build
make[1]: Entering directory '/home/orlandothefraser/catkin_ws/build/tf2_ros/CMakeFiles/CMakeTmp'
Building C object CMakeFiles/cmTC_93f7c.dir/CheckFunctionExists.c.o
/usr/bin/cc   -DCHECK_FUNCTION_EXISTS=pthread_create   -o CMakeFiles/cmTC_93f7c.dir/CheckFunctionExists.c.o   -c /usr/share/cmake-3.10/Modules/CheckFunctionExists.c
Linking C executable cmTC_93f7c
/usr/bin/cmake -E cmake_link_script CMakeFiles/cmTC_93f7c.dir/link.txt --verbose=1
/usr/bin/cc  -DCHECK_FUNCTION_EXISTS=pthread_create    -rdynamic CMakeFiles/cmTC_93f7c.dir/CheckFunctionExists.c.o  -o cmTC_93f7c -lpthreads 
/usr/bin/ld: cannot find -lpthreads
collect2: error: ld returned 1 exit status
CMakeFiles/cmTC_93f7c.dir/build.make:97: recipe for target 'cmTC_93f7c' failed
make[1]: *** [cmTC_93f7c] Error 1
make[1]: Leaving directory '/home/orlandothefraser/catkin_ws/build/tf2_ros/CMakeFiles/CMakeTmp'
Makefile:126: recipe for target 'cmTC_93f7c/fast' failed
make: *** [cmTC_93f7c/fast] Error 2


